<?xml version="1.0" encoding="UTF-8"?>
<!-- Generated by org.testng.reporters.JUnitReportReporter -->
<testsuite hostname="DESKTOP-JAG3VIM" failures="0" tests="1" name="TestNG.AddProductToCart" time="25.203" errors="0" timestamp="2023-08-01T16:34:21 EDT" skipped="0">
  <testcase classname="TestNG.AddProductToCart" name="f" time="25.203"/>
</testsuite> <!-- TestNG.AddProductToCart -->
